Looking for git in: git
Using git 2.25.0 from git
> git rev-parse --show-toplevel
> git rev-parse --git-dir
Open repository: /home/sd/.config/i3
> git status -z -u
> git symbolic-ref --short HEAD
> git rev-parse master
> git rev-parse --symbolic-full-name master@{u}
fatal: no upstream configured for branch 'master'
> git for-each-ref --format %(refname) %(objectname) --sort -committerdate
> git remote --verbose
> git config --get commit.template
> git show :config
> git ls-files --stage -- /home/sd/.config/i3/config
> git cat-file -s 804c3c83343ac1712844216acf1d267365303183
> git show :status.toml
> git ls-files --stage -- /home/sd/.config/i3/status.toml
> git check-ignore -v -z --stdin
> git show :config
> git ls-files --stage -- /home/sd/.config/i3/config
> git cat-file -s 804c3c83343ac1712844216acf1d267365303183
> git check-ignore -v -z --stdin
> git show :status.toml
> git ls-files --stage -- /home/sd/.config/i3/status.toml
> git status -z -u
> git symbolic-ref --short HEAD
> git rev-parse master
> git rev-parse --symbolic-full-name master@{u}
fatal: no upstream configured for branch 'master'
> git for-each-ref --format %(refname) %(objectname) --sort -committerdate
> git remote --verbose
> git config --get commit.template
> git status -z -u
> git symbolic-ref --short HEAD
> git rev-parse master
> git rev-parse --symbolic-full-name master@{u}
fatal: no upstream configured for branch 'master'
> git for-each-ref --format %(refname) %(objectname) --sort -committerdate
> git remote --verbose
> git config --get commit.template
> git show :config
> git ls-files --stage -- /home/sd/.config/i3/config
> git cat-file -s 804c3c83343ac1712844216acf1d267365303183
> git show :status.toml
> git ls-files --stage -- /home/sd/.config/i3/status.toml
> git status -z -u
> git symbolic-ref --short HEAD
> git rev-parse master
> git rev-parse --symbolic-full-name master@{u}
fatal: no upstream configured for branch 'master'
> git for-each-ref --format %(refname) %(objectname) --sort -committerdate
> git remote --verbose
> git config --get commit.template
> git status -z -u
> git symbolic-ref --short HEAD
> git rev-parse master
> git rev-parse --symbolic-full-name master@{u}
fatal: no upstream configured for branch 'master'
> git for-each-ref --format %(refname) %(objectname) --sort -committerdate
> git remote --verbose
> git config --get commit.template
