Initializing document watcher...
/home/sd/.config/i3/config: Using EditorConfig core...
/home/sd/.config/i3/config: Using EditorConfig core...
/home/sd/.config/i3/config: Using EditorConfig core...
/home/sd/.config/i3/config: Using EditorConfig core...
/home/sd/.config/i3/config: Using EditorConfig core...
/home/sd/.config/i3/config: Using EditorConfig core...
/home/sd/.config/i3/config: Using EditorConfig core...
/home/sd/.config/i3/config: Using EditorConfig core...
/home/sd/.config/i3/config: Using EditorConfig core...
/home/sd/.config/i3/config: Using EditorConfig core...
/home/sd/.config/i3/config: Using EditorConfig core...
/home/sd/.config/i3/config: Using EditorConfig core...
/home/sd/.config/i3/config: Using EditorConfig core...
/home/sd/.config/i3/config: Using EditorConfig core...
/home/sd/.config/i3/config: Using EditorConfig core...
/home/sd/.config/i3/config: Using EditorConfig core...
/home/sd/.config/i3/config: Using EditorConfig core...
/home/sd/.config/i3/config: Using EditorConfig core...
/home/sd/.config/i3/config: Using EditorConfig core...
/home/sd/.config/i3/config: Using EditorConfig core...
/home/sd/.config/i3/config: Using EditorConfig core...
/home/sd/.config/i3/config: Using EditorConfig core...
/home/sd/.config/i3/config: Using EditorConfig core...
/home/sd/.config/i3/config: Using EditorConfig core...
/home/sd/.config/i3/config: Using EditorConfig core...
/home/sd/.config/i3/config: Using EditorConfig core...
/home/sd/bin/dmenu_gsearch: {}
/home/sd/bin/dmenu_gsearch: {}
/home/sd/bin/dmenu_gsearch: {}
/home/sd/bin/dmenu_gsearch: {}
/home/sd/bin/dmenu_gsearch: {}
/home/sd/bin/dmenu_gsearch: Using EditorConfig core...
/home/sd/bin/dmenu_gsearch: Using EditorConfig core...
/home/sd/bin/dmenu_gsearch: Using EditorConfig core...
/home/sd/bin/dmenu_gsearch: Using EditorConfig core...
/home/sd/bin/dmenu_gsearch: Using EditorConfig core...
/home/sd/bin/dmenu_gsearch: Using EditorConfig core...
/home/sd/bin/dmenu_gsearch: Using EditorConfig core...
/home/sd/bin/dmenu_gsearch: Using EditorConfig core...
/home/sd/bin/dmenu_gsearch: Using EditorConfig core...
/home/sd/bin/dmenu_gsearch: Using EditorConfig core...
/home/sd/bin/dmenu_gsearch: {}
/home/sd/bin/dmenu_gsearch: {}
/home/sd/.config/i3/config: {}
/home/sd/.config/i3/config: {}
/home/sd/.config/i3/config: {}
/home/sd/.config/i3/config: {}
/home/sd/.config/i3/config: {}
/home/sd/.config/i3/config: {}
/home/sd/.config/i3/config: Using EditorConfig core...
/home/sd/.config/i3/config: Using EditorConfig core...
/home/sd/.config/i3/config: Using EditorConfig core...
/home/sd/.config/i3/config: Using EditorConfig core...
/home/sd/.config/i3/config: Using EditorConfig core...
/home/sd/.config/i3/config: {}
