Initializing document watcher...
/home/sd/.config/i3/status.toml: {}
/home/sd/.config/i3/status.toml: {}
/home/sd/.config/i3/status.toml: {}
/home/sd/.config/i3/config: {}
/home/sd/.config/i3/config: Using EditorConfig core...
/home/sd/.config/i3/config: Using EditorConfig core...
/home/sd/.config/i3/config: Using EditorConfig core...
/home/sd/.config/i3/config: {}
/home/sd/.config/i3/config: {}
/home/sd/.config/i3/config: Using EditorConfig core...
/home/sd/.config/i3/config: Using EditorConfig core...
/home/sd/.config/i3/config: Using EditorConfig core...
/home/sd/.config/i3/config: Using EditorConfig core...
/home/sd/.config/i3/config: Using EditorConfig core...
/home/sd/.config/i3/config: Using EditorConfig core...
/home/sd/.config/i3/config: {}
/home/sd/.config/i3/config: {}
/home/sd/.config/i3/config: {}
/home/sd/.config/i3/config: {}
/home/sd/.config/i3/config: {}
/home/sd/.config/i3/config: {}
/home/sd/.config/i3/config: {}
/home/sd/.config/i3/config: {}
/home/sd/.config/i3/config: {}
/home/sd/.config/i3/config: {}
/home/sd/.config/i3/config: {}
/home/sd/.config/i3/config: {}
/home/sd/.config/i3/config: {}
/home/sd/.config/i3/config: Using EditorConfig core...
/home/sd/.config/i3/config: Using EditorConfig core...
/home/sd/.config/i3/config: Using EditorConfig core...
/home/sd/.config/i3/config: Using EditorConfig core...
/home/sd/.config/i3/config: Using EditorConfig core...
/home/sd/.config/i3/config: Using EditorConfig core...
/home/sd/.config/i3/config: Using EditorConfig core...
/home/sd/.config/i3/config: Using EditorConfig core...
/home/sd/.config/i3/config: Using EditorConfig core...
/home/sd/.config/i3/config: Using EditorConfig core...
/home/sd/.config/i3/config: {}
/home/sd/.config/i3/config: {}
/home/sd/.config/i3/config: {}
undefined: {}
undefined: {}
undefined: {}
undefined: {}
undefined: {}
undefined: {}
undefined: {}
undefined: {}
undefined: {}
undefined: {}
undefined: {}
undefined: {}
undefined: {}
undefined: {}
undefined: {}
undefined: {}
undefined: {}
/home/sd/bin/fzfmenu_run: Using EditorConfig core...
/home/sd/bin/fzfmenu_run: {}
/home/sd/bin/fzfmenu_run: {}
/home/sd/bin/fzfmenu_run: {}
/home/sd/bin/fzfmenu_run: {}
/home/sd/bin/fzfmenu_run: {}
/home/sd/bin/fzfmenu_run: {}
/home/sd/bin/fzfmenu_run: {}
/home/sd/bin/fzfmenu_run: {}
/home/sd/bin/fzfmenu_run: {}
/home/sd/bin/fzfmenu_run: {}
/home/sd/bin/fzfmenu_run: {}
/home/sd/bin/fzfmenu_run: {}
/home/sd/bin/fzfmenu_run: {}
/home/sd/bin/fzfmenu_run: {}
